# JRE version: OpenJDK Runtime Environment (11.0.8+10) (build 11.0.8+10-b944.6842174)
# Java VM: OpenJDK 64-Bit Server VM (11.0.8+10-b944.6842174, mixed mode, tiered, compressed oops, g1 gc, windows-amd64)
Heap:
 garbage-first heap   total 278528K, used 148877K [0x0000000080000000, 0x0000000100000000)
  region size 1024K, 49 young (50176K), 16 survivors (16384K)
 Metaspace       used 44058K, capacity 45085K, committed 45180K, reserved 1089536K
  class space    used 5493K, capacity 5879K, committed 5888K, reserved 1048576K
GC Heap History (20 events):
Event: 28.871 GC heap before
{Heap before GC invocations=35 (full 0):
 garbage-first heap   total 231424K, used 183173K [0x0000000080000000, 0x0000000100000000)
  region size 1024K, 78 young (79872K), 7 survivors (7168K)
 Metaspace       used 44042K, capacity 45012K, committed 45180K, reserved 1089536K
  class space    used 5498K, capacity 5856K, committed 5888K, reserved 1048576K
}
Event: 28.876 GC heap after
{Heap after GC invocations=36 (full 0):
 garbage-first heap   total 231424K, used 110880K [0x0000000080000000, 0x0000000100000000)
  region size 1024K, 7 young (7168K), 7 survivors (7168K)
 Metaspace       used 44042K, capacity 45012K, committed 45180K, reserved 1089536K
  class space    used 5498K, capacity 5856K, committed 5888K, reserved 1048576K
}
Event: 29.342 GC heap before
{Heap before GC invocations=36 (full 0):
 garbage-first heap   total 231424K, used 184608K [0x0000000080000000, 0x0000000100000000)
  region size 1024K, 79 young (80896K), 7 survivors (7168K)
 Metaspace       used 44043K, capacity 45012K, committed 45180K, reserved 1089536K
  class space    used 5498K, capacity 5856K, committed 5888K, reserved 1048576K
}
Event: 29.347 GC heap after
{Heap after GC invocations=37 (full 0):
 garbage-first heap   total 231424K, used 111866K [0x0000000080000000, 0x0000000100000000)
  region size 1024K, 7 young (7168K), 7 survivors (7168K)
 Metaspace       used 44043K, capacity 45012K, committed 45180K, reserved 1089536K
  class space    used 5498K, capacity 5856K, committed 5888K, reserved 1048576K
}
Event: 29.776 GC heap before
{Heap before GC invocations=38 (full 0):
 garbage-first heap   total 231424K, used 141562K [0x0000000080000000, 0x0000000100000000)
  region size 1024K, 79 young (80896K), 7 survivors (7168K)
 Metaspace       used 44022K, capacity 44982K, committed 45180K, reserved 1089536K
  class space    used 5491K, capacity 5846K, committed 5888K, reserved 1048576K
}
Event: 29.783 GC heap after
{Heap after GC invocations=39 (full 0):
 garbage-first heap   total 231424K, used 68513K [0x0000000080000000, 0x0000000100000000)
  region size 1024K, 7 young (7168K), 7 survivors (7168K)
 Metaspace       used 44022K, capacity 44982K, committed 45180K, reserved 1089536K
  class space    used 5491K, capacity 5846K, committed 5888K, reserved 1048576K
}
Event: 29.805 GC heap before
{Heap before GC invocations=39 (full 0):
 garbage-first heap   total 231424K, used 71585K [0x0000000080000000, 0x0000000100000000)
  region size 1024K, 11 young (11264K), 7 survivors (7168K)
 Metaspace       used 44024K, capacity 44982K, committed 45180K, reserved 1089536K
  class space    used 5491K, capacity 5846K, committed 5888K, reserved 1048576K
}
Event: 29.808 GC heap after
{Heap after GC invocations=40 (full 0):
 garbage-first heap   total 231424K, used 62338K [0x0000000080000000, 0x0000000100000000)
  region size 1024K, 2 young (2048K), 2 survivors (2048K)
 Metaspace       used 44024K, capacity 44982K, committed 45180K, reserved 1089536K
  class space    used 5491K, capacity 5846K, committed 5888K, reserved 1048576K
}
Event: 30.717 GC heap before
{Heap before GC invocations=40 (full 0):
 garbage-first heap   total 231424K, used 178050K [0x0000000080000000, 0x0000000100000000)
  region size 1024K, 115 young (117760K), 2 survivors (2048K)
 Metaspace       used 44025K, capacity 44982K, committed 45180K, reserved 1089536K
  class space    used 5491K, capacity 5846K, committed 5888K, reserved 1048576K
}
Event: 30.729 GC heap after
{Heap after GC invocations=41 (full 0):
 garbage-first heap   total 231424K, used 71548K [0x0000000080000000, 0x0000000100000000)
  region size 1024K, 11 young (11264K), 11 survivors (11264K)
 Metaspace       used 44025K, capacity 44982K, committed 45180K, reserved 1089536K
  class space    used 5491K, capacity 5846K, committed 5888K, reserved 1048576K
}
Event: 31.405 GC heap before
{Heap before GC invocations=41 (full 0):
 garbage-first heap   total 231424K, used 179068K [0x0000000080000000, 0x0000000100000000)
  region size 1024K, 116 young (118784K), 11 survivors (11264K)
 Metaspace       used 44025K, capacity 44982K, committed 45180K, reserved 1089536K
  class space    used 5491K, capacity 5846K, committed 5888K, reserved 1048576K
}
Event: 31.415 GC heap after
{Heap after GC invocations=42 (full 0):
 garbage-first heap   total 231424K, used 72354K [0x0000000080000000, 0x0000000100000000)
  region size 1024K, 10 young (10240K), 10 survivors (10240K)
 Metaspace       used 44025K, capacity 44982K, committed 45180K, reserved 1089536K
  class space    used 5491K, capacity 5846K, committed 5888K, reserved 1048576K
}
Event: 32.193 GC heap before
{Heap before GC invocations=42 (full 0):
 garbage-first heap   total 231424K, used 180898K [0x0000000080000000, 0x0000000100000000)
  region size 1024K, 116 young (118784K), 10 survivors (10240K)
 Metaspace       used 44025K, capacity 44982K, committed 45180K, reserved 1089536K
  class space    used 5491K, capacity 5846K, committed 5888K, reserved 1048576K
}
Event: 32.203 GC heap after
{Heap after GC invocations=43 (full 0):
 garbage-first heap   total 231424K, used 74036K [0x0000000080000000, 0x0000000100000000)
  region size 1024K, 10 young (10240K), 10 survivors (10240K)
 Metaspace       used 44025K, capacity 44982K, committed 45180K, reserved 1089536K
  class space    used 5491K, capacity 5846K, committed 5888K, reserved 1048576K
}
Event: 32.966 GC heap before
{Heap before GC invocations=43 (full 0):
 garbage-first heap   total 231424K, used 180532K [0x0000000080000000, 0x0000000100000000)
  region size 1024K, 115 young (117760K), 10 survivors (10240K)
 Metaspace       used 44028K, capacity 44982K, committed 45180K, reserved 1089536K
  class space    used 5491K, capacity 5846K, committed 5888K, reserved 1048576K
}
Event: 32.979 GC heap after
{Heap after GC invocations=44 (full 0):
 garbage-first heap   total 278528K, used 63711K [0x0000000080000000, 0x0000000100000000)
  region size 1024K, 2 young (2048K), 2 survivors (2048K)
 Metaspace       used 44028K, capacity 44982K, committed 45180K, reserved 1089536K
  class space    used 5491K, capacity 5846K, committed 5888K, reserved 1048576K
}
Event: 34.782 GC heap before
{Heap before GC invocations=44 (full 0):
 garbage-first heap   total 278528K, used 230623K [0x0000000080000000, 0x0000000100000000)
  region size 1024K, 162 young (165888K), 2 survivors (2048K)
 Metaspace       used 44056K, capacity 45053K, committed 45180K, reserved 1089536K
  class space    used 5492K, capacity 5847K, committed 5888K, reserved 1048576K
}
Event: 34.958 GC heap after
{Heap after GC invocations=45 (full 0):
 garbage-first heap   total 278528K, used 100576K [0x0000000080000000, 0x0000000100000000)
  region size 1024K, 21 young (21504K), 21 survivors (21504K)
 Metaspace       used 44056K, capacity 45053K, committed 45180K, reserved 1089536K
  class space    used 5492K, capacity 5847K, committed 5888K, reserved 1048576K
}
Event: 35.907 GC heap before
{Heap before GC invocations=45 (full 0):
 garbage-first heap   total 278528K, used 206048K [0x0000000080000000, 0x0000000100000000)
  region size 1024K, 124 young (126976K), 21 survivors (21504K)
 Metaspace       used 44056K, capacity 45053K, committed 45180K, reserved 1089536K
  class space    used 5492K, capacity 5847K, committed 5888K, reserved 1048576K
}
Event: 35.954 GC heap after
{Heap after GC invocations=46 (full 0):
 garbage-first heap   total 278528K, used 116109K [0x0000000080000000, 0x0000000100000000)
  region size 1024K, 16 young (16384K), 16 survivors (16384K)
 Metaspace       used 44056K, capacity 45053K, committed 45180K, reserved 1089536K
  class space    used 5492K, capacity 5847K, committed 5888K, reserved 1048576K
}

